[LOG] System::create                           : Header version = 2.02.11. Current version = 2.02.11.
[LOG] Manager::init                            : maxchannels = 256 studioflags = 00000006 flags 00000000 extradriverdata 0x0.
[LOG] SystemI::init                            : Initialize version=20211 (130436), maxchannels=256, flags=0x00020000
[LOG] SystemI::setOutputInternal               : Setting output to 'FMOD Core Audio Output'
[LOG] OutputCoreAudio::init                    : Output running 2 channels at 48000Hz sample rate.
[LOG] OutputCoreAudio::init                    : Maximum hardware read size: 512 samples, Software buffer size: 512 samples, Number of software buffers: 4.
[LOG] DownMix::init                            : dspbuffersize: 512  rate: 48000. output speaker mode: 3, input speaker mode 6
[LOG] DownMix::init                            : done.
[LOG] Thread::initThread                       : Init FMOD stream thread. Affinity: 0x4000000000000003, Priority: 0xFFFF7FFB, Stack Size: 98304, Semaphore: No, Sleep Time: 10, Looping: Yes.
[LOG] Thread::initThread                       : Init FMOD mixer thread. Affinity: 0x4000000000000001, Priority: 0xFFFF7FFA, Stack Size: 81920, Semaphore: Yes, Sleep Time: 0, Looping: Yes.
[LOG] AsyncManager::init                       : manager 0x7fcee441c208 isAsync 0 updatePeriod 0.02
[LOG] AsyncManager::init                       : done
[LOG] PlaybackSystem::init                     : 
[LOG] Thread::initThread                       : Init FMOD Studio sample load thread. Affinity: 0x4000000000000003, Priority: 0xFFFF7FFD, Stack Size: 98304, Semaphore: No, Sleep Time: 1, Looping: No.
[LOG] PlaybackSystem::init                     : done
[LOG] Thread::initThread                       : Init FMOD Studio bank load thread. Affinity: 0x4000000000000003, Priority: 0xFFFF7FFD, Stack Size: 98304, Semaphore: No, Sleep Time: 1, Looping: No.
[LOG] Manager::init                            : done.
[LOG] Manager::readBank                        : fileversion = 142, compatVersion = 140 (oldest = 44, newest = 142)
[LOG] Manager::readBank                        : fileversion = 142, compatVersion = 140 (oldest = 44, newest = 142)
[LOG] Manager::readBank                        : fileversion = 142, compatVersion = 140 (oldest = 44, newest = 142)
[LOG] Manager::readBank                        : fileversion = 142, compatVersion = 140 (oldest = 44, newest = 142)
[LOG] Manager::readBank                        : fileversion = 142, compatVersion = 140 (oldest = 44, newest = 142)
[LOG] Manager::readBank                        : fileversion = 142, compatVersion = 140 (oldest = 44, newest = 142)
[LOG] Manager::readBank                        : fileversion = 142, compatVersion = 140 (oldest = 44, newest = 142)
[LOG] Manager::readBank                        : fileversion = 142, compatVersion = 140 (oldest = 44, newest = 142)
[LOG] PlaybackSystem::acquireMasterBus         : Setting master channel group format to 6
[LOG] Manager::readBank                        : fileversion = 142, compatVersion = 140 (oldest = 44, newest = 142)
[LOG] Manager::readBank                        : fileversion = 142, compatVersion = 140 (oldest = 44, newest = 142)
[LOG] Manager::readBank                        : fileversion = 142, compatVersion = 140 (oldest = 44, newest = 142)
[LOG] Manager::readBank                        : fileversion = 142, compatVersion = 140 (oldest = 44, newest = 142)
[LOG] Manager::readBank                        : fileversion = 142, compatVersion = 140 (oldest = 44, newest = 142)
[LOG] Manager::readBank                        : fileversion = 142, compatVersion = 140 (oldest = 44, newest = 142)
[LOG] Manager::readBank                        : fileversion = 142, compatVersion = 140 (oldest = 44, newest = 142)
[LOG] Manager::readBank                        : fileversion = 142, compatVersion = 140 (oldest = 44, newest = 142)
[LOG] Manager::readBank                        : fileversion = 142, compatVersion = 140 (oldest = 44, newest = 142)
[LOG] Manager::readBank                        : fileversion = 142, compatVersion = 140 (oldest = 44, newest = 142)
[LOG] Manager::readBank                        : fileversion = 142, compatVersion = 140 (oldest = 44, newest = 142)
[LOG] Manager::readBank                        : fileversion = 142, compatVersion = 140 (oldest = 44, newest = 142)
[LOG] Manager::readBank                        : fileversion = 142, compatVersion = 140 (oldest = 44, newest = 142)
[LOG] Manager::readBank                        : fileversion = 142, compatVersion = 140 (oldest = 44, newest = 142)
[LOG] Manager::readBank                        : fileversion = 142, compatVersion = 140 (oldest = 44, newest = 142)
[LOG] PlaybackSystem::acquireMasterBus         : Setting master channel group format to 6
[LOG] Manager::readBank                        : fileversion = 142, compatVersion = 140 (oldest = 44, newest = 142)
[LOG] Manager::readBank                        : fileversion = 142, compatVersion = 140 (oldest = 44, newest = 142)
[LOG] Manager::readBank                        : fileversion = 142, compatVersion = 140 (oldest = 44, newest = 142)
[LOG] Manager::readBank                        : fileversion = 142, compatVersion = 140 (oldest = 44, newest = 142)
[LOG] Manager::readBank                        : fileversion = 142, compatVersion = 140 (oldest = 44, newest = 142)
[LOG] Manager::readBank                        : fileversion = 142, compatVersion = 140 (oldest = 44, newest = 142)
[LOG] Manager::readBank                        : fileversion = 142, compatVersion = 140 (oldest = 44, newest = 142)
[LOG] Thread::callback                         : FMOD Studio bank load thread finished.
[LOG] Thread::callback                         : FMOD Studio sample load thread finished.
[LOG] LiveUpdate::release                      : 
[LOG] LiveUpdate::reset                        : Reset connection (reason Disconnected)
[LOG] Thread::callback                         : FMOD stream thread finished.
[LOG] Thread::callback                         : FMOD mixer thread finished.
[LOG] SystemI::close                           : Closed.
[LOG] SoundI::release                          :  (0x7fcea7cec168)
[LOG] SoundI::release                          :     SeagullSquawks09 (0x7fcea7cec2d8)
[LOG] SoundI::release                          :  (0x7fcea7ce8608)
[LOG] SoundI::release                          :     SeagullSquawks07 (0x7fcea7ce8778)
[LOG] SoundI::release                          :  (0x7fcea7ce7498)
[LOG] SoundI::release                          :     SeagullSquawks08 (0x7fcea7ce7608)
[LOG] SoundI::release                          :  (0x7fcea7c151d8)
[LOG] SoundI::release                          :     SeagullSquawks05 (0x7fceb56c8318)
[LOG] SoundI::release                          :  (0x7fcea7ce91a8)
[LOG] SoundI::release                          :     SeagullSquawks06 (0x7fcea7ce9318)
[LOG] SoundI::release                          :  (0x7fceb560a978)
[LOG] SoundI::release                          :     SeagullSquawks03 (0x7fceb5652328)
[LOG] SoundI::release                          :  (0x7fcea7cedb28)
[LOG] SoundI::release                          :     SeagullSquawks04 (0x7fcea7cedc98)
[LOG] SoundI::release                          :  (0x7fcea7cec738)
[LOG] SoundI::release                          :     SeagullSquawks01 (0x7fcea7cec8a8)
[LOG] SoundI::release                          :  (0x7fcea7cecd08)
[LOG] SoundI::release                          :     SeagullSquawks02 (0x7fcea7cece78)
[LOG] SoundI::release                          :  (0x7fceb56277f8)
[LOG] SoundI::release                          :     BirdChirps09 (0x7fceb56c5528)
[LOG] SoundI::release                          :  (0x7fcea7ce6678)
[LOG] SoundI::release                          :     BirdChirps10 (0x7fcea7ce67e8)
[LOG] SoundI::release                          :  (0x7fceb564a618)
[LOG] SoundI::release                          :     BirdChirps12 (0x7fcea7c9df58)
[LOG] SoundI::release                          :  (0x7fcea7cea318)
[LOG] SoundI::release                          :     BirdChirps07 (0x7fcea7cea488)
[LOG] SoundI::release                          :  (0x7fcea7ce8bd8)
[LOG] SoundI::release                          :     BirdChirps02 (0x7fcea7ce8d48)
[LOG] SoundI::release                          :  (0x7fcea7c30d78)
[LOG] SoundI::release                          :     BirdChirps03 (0x7fcea7c307f8)
[LOG] SoundI::release                          :  (0x7fcea7ce9778)
[LOG] SoundI::release                          :     BirdChirps04 (0x7fcea7ce98e8)
[LOG] SoundI::release                          :  (0x7fceb562c588)
[LOG] SoundI::release                          :     BirdChirps05 (0x7fcea7ceebb8)
[LOG] SoundI::release                          :  (0x7fcea7cee238)
[LOG] SoundI::release                          :     BirdChirps06 (0x7fcea7cdb4e8)
[LOG] SoundI::release                          :  (0x7fcea7ceb5c8)
[LOG] SoundI::release                          :     CrowCackle01 (0x7fcea7ceb738)
[LOG] SoundI::release                          :  (0x7fceb56d2618)
[LOG] SoundI::release                          :     CrowCackle02 (0x7fcea7cf6188)
[LOG] SoundI::release                          :  (0x7fcea7ce6ec8)
[LOG] SoundI::release                          :     CrowCackle03 (0x7fcea7ce7038)
[LOG] SoundI::release                          :  (0x7fceb56c4cd8)
[LOG] SoundI::release                          :     CrowCackle04 (0x7fceb56c7538)
[LOG] SoundI::release                          :  (0x7fceb5640098)
[LOG] SoundI::release                          :     CrowCackle05 (0x7fcea7c5a458)
[LOG] SoundI::release                          :  (0x7fcea7cebb98)
[LOG] SoundI::release                          :     CrowCackle06 (0x7fcea7cebd08)
[LOG] SoundI::release                          :  (0x7fceb560c5e8)
[LOG] SoundI::release                          :     CrowCackle07 (0x7fceb568c708)
[LOG] SoundI::release                          :  (0x7fcea7ceaff8)
[LOG] SoundI::release                          :     CrowCackle08 (0x7fcea7ceb168)
[LOG] SoundI::release                          :  (0x7fcea7ced558)
[LOG] SoundI::release                          :     CrowCackle09 (0x7fcea7ced6c8)
[LOG] SoundI::release                          :  (0x7fcea7ce8038)
[LOG] SoundI::release                          :     CrowCackle10 (0x7fcea7ce81a8)
[LOG] SoundI::release                          :  (0x7fceb5625058)
[LOG] SoundI::release                          :     CrowCackle11 (0x7fceb5610588)
[LOG] SoundI::release                          :  (0x7fcea7ce7a68)
[LOG] SoundI::release                          :     CrowCackle12 (0x7fcea7ce7bd8)
[LOG] SoundI::release                          :  (0x7fceb56bf4c8)
[LOG] SoundI::release                          :     CrowCackle13 (0x7fceb56035a8)
[LOG] SoundI::release                          :  (0x7fcea7ceaa28)
[LOG] SoundI::release                          :     CricketChirp01 (0x7fcea7ceab98)
[LOG] SoundI::release                          :  (0x7fcea7ce9d48)
[LOG] SoundI::release                          :     CricketChirp02 (0x7fcea7ce9eb8)
[LOG] SoundI::release                          :  (0x7fceb560ba38)
[LOG] SoundI::release                          :     CricketChirp03 (0x7fceb56581b8)
[LOG] SoundI::release                          :  (0x7fcea7c5e3e8)
[LOG] SoundI::release                          :     CricketChirp04 (0x7fceb560eb18)
[LOG] SoundI::release                          :  (0x7fceb562c948)
[LOG] SoundI::release                          :     CricketChirp05 (0x7fcea7ce6358)
[LOG] SoundI::release                          :  (0x7fcea7cdb948)
[LOG] SoundI::release                          :     Fire Start (Whoosh) (0x7fcea7cdbab8)
[LOG] SoundI::release                          :  (0x7fcea7cd6aa8)
[LOG] SoundI::release                          :     Swimming01 (0x7fcea7cd6c18)
[LOG] SoundI::release                          :  (0x7fcea7cd87b8)
[LOG] SoundI::release                          :     Swimming02 (0x7fcea7cd8928)
[LOG] SoundI::release                          :  (0x7fcea7cdc078)
[LOG] SoundI::release                          :     Swimming03 (0x7fcea7cdc1e8)
[LOG] SoundI::release                          :  (0x7fcea7cdcc18)
[LOG] SoundI::release                          :     Swimming04 (0x7fcea7cdcd88)
[LOG] SoundI::release                          :  (0x7fcea7cdd1e8)
[LOG] SoundI::release                          :     Swimming05 (0x7fcea7cdd358)
[LOG] SoundI::release                          :  (0x7fcea7cdc648)
[LOG] SoundI::release                          :     sfxDirtFootstep01 (0x7fcea7cdc7b8)
[LOG] SoundI::release                          :  (0x7fcea7cd5938)
[LOG] SoundI::release                          :     sfxDirtFootstep02 (0x7fcea7cd5aa8)
[LOG] SoundI::release                          :  (0x7fcea7cd7078)
[LOG] SoundI::release                          :     sfxDirtFootstep03 (0x7fcea7cd71e8)
[LOG] SoundI::release                          :  (0x7fcea7cd64d8)
[LOG] SoundI::release                          :     sfxDirtFootstep04 (0x7fcea7cd6648)
[LOG] SoundI::release                          :  (0x7fcea7cd47c8)
[LOG] SoundI::release                          :     sfxRockFootstep02 (0x7fcea7cd4938)
[LOG] SoundI::release                          :  (0x7fcea7cd5368)
[LOG] SoundI::release                          :     sfxRockFootstep03 (0x7fcea7cd54d8)
[LOG] SoundI::release                          :  (0x7fcea7cd81e8)
[LOG] SoundI::release                          :     sfxRockFootstep04 (0x7fcea7cd8358)
[LOG] SoundI::release                          :  (0x7fcea7cd7c18)
[LOG] SoundI::release                          :     sfxRockFootstep05 (0x7fcea7cd7d88)
[LOG] SoundI::release                          :  (0x7fcea7cd41f8)
[LOG] SoundI::release                          :     BushShiver01 (0x7fcea7cd4368)
[LOG] SoundI::release                          :  (0x7fcea7cd5f08)
[LOG] SoundI::release                          :     BushShiver02 (0x7fcea7cd6078)
[LOG] SoundI::release                          :  (0x7fcea7cdd7b8)
[LOG] SoundI::release                          :     BushShiver03 (0x7fcea7cdd928)
[LOG] SoundI::release                          :  (0x7fcea7cd7648)
[LOG] SoundI::release                          :     BushShiver04 (0x7fcea7cd77b8)
[LOG] SoundI::release                          :  (0x7fcea7cd4d98)
[LOG] SoundI::release                          :     sfxGrassFootstep (0x7fcea7cd4f08)
[LOG] SoundI::release                          :  (0x7fcea7cd8d88)
[LOG] SoundI::release                          :     Heretic05 (0x7fcea7cd8ef8)
[LOG] SoundI::release                          :  (0x7fcea7cd9928)
[LOG] SoundI::release                          :     Heretic04 (0x7fcea7cd9a98)
[LOG] SoundI::release                          :  (0x7fcea7cd9358)
[LOG] SoundI::release                          :     Heretic03 (0x7fcea7cd94c8)
[LOG] SoundI::release                          :  (0x7fcea7cd2668)
[LOG] SoundI::release                          :     Axe Swing Whoosh (0x7fcea7cd27d8)
[LOG] SoundI::release                          :  (0x7fcea7cdac38)
[LOG] SoundI::release                          :     HumanScream05 (0x7fcea7cd38e8)
[LOG] SoundI::release                          :  (0x7fcea7cc4d48)
[LOG] SoundI::release                          :     HumanScream04 (0x7fcea7cc4eb8)
[LOG] SoundI::release                          :  (0x7fcea7cda098)
[LOG] SoundI::release                          :     HumanScream01 (0x7fcea7cda208)
[LOG] SoundI::release                          :  (0x7fcea7cd3208)
[LOG] SoundI::release                          :     PlayerDeath DrownLayer1 (0x7fcea7cd3378)
[LOG] SoundI::release                          :  (0x7fcea7cd0c08)
[LOG] SoundI::release                          :     PlayerDrown03 (0x7fcea7cc47a8)
[LOG] SoundI::release                          :  (0x7fcea7cc5b68)
[LOG] SoundI::release                          :     PlayerDrown01 (0x7fcea7cc5cd8)
[LOG] SoundI::release                          :  (0x7fcea7cc72a8)
[LOG] SoundI::release                          :     PlayerDrown02 (0x7fcea7cc7418)
[LOG] SoundI::release                          :  (0x7fcea7cc5598)
[LOG] SoundI::release                          :     Axe Wood Impact (0x7fcea7cc5708)
[LOG] SoundI::release                          :  (0x7fcea7cd2098)
[LOG] SoundI::release                          :     WaterSplash01 (0x7fcea7cd2208)
[LOG] SoundI::release                          :  (0x7fcea7cd2c38)
[LOG] SoundI::release                          :     WaterSplash02 (0x7fcea7cd2da8)
[LOG] SoundI::release                          :  (0x7fcea7cc6138)
[LOG] SoundI::release                          :     WaterSplash03 (0x7fcea7cc62a8)
[LOG] SoundI::release                          :  (0x7fcea7cc6cd8)
[LOG] SoundI::release                          :     WaterSplash04 (0x7fcea7cc6e48)
[LOG] SoundI::release                          :  (0x7fcea7cda668)
[LOG] SoundI::release                          :     WaterSplash05 (0x7fcea7cda7d8)
[LOG] SoundI::release                          :  (0x7fcea7cd0638)
[LOG] SoundI::release                          :     WaterSplash06 (0x7fcea7cd07a8)
[LOG] SoundI::release                          :  (0x7fcea7cd1848)
[LOG] SoundI::release                          :     WaterSplash07 (0x7fcea7cd19b8)
[LOG] SoundI::release                          :  (0x7fcea7cd01a8)
[LOG] SoundI::release                          :     Vomit01_1 (0x7fcea7cd0318)
[LOG] SoundI::release                          :  (0x7fcea7cc6708)
[LOG] SoundI::release                          :     Uproot Food (BiteComponent) (0x7fcea7cc6878)
[LOG] SoundI::release                          :  (0x7fcea7ccb968)
[LOG] SoundI::release                          :     TreeGrowthElasticTexture01 (0x7fcea7ccbad8)
[LOG] SoundI::release                          :  (0x7fcea7cbcd88)
[LOG] SoundI::release                          :     TreeGrowthElasticTexture02 (0x7fcea7cbcef8)
[LOG] SoundI::release                          :  (0x7fcea7ccc508)
[LOG] SoundI::release                          :     TreeGrowthElasticTexture03 (0x7fcea7ccc678)
[LOG] SoundI::release                          :  (0x7fcea7cca228)
[LOG] SoundI::release                          :     TreeGrowthElasticTexture04 (0x7fcea7cca398)
[LOG] SoundI::release                          :  (0x7fcea7ccedb8)
[LOG] SoundI::release                          :     TreeGrowthElasticTexture05 (0x7fcea7ccef28)
[LOG] SoundI::release                          :  (0x7fcea7cb9238)
[LOG] SoundI::release                          :     TreeGrowthElasticTexture06 (0x7fcea7cb93a8)
[LOG] SoundI::release                          :  (0x7fcea7ccd0a8)
[LOG] SoundI::release                          :     TreeGrowthElasticTexture07 (0x7fcea7ccd218)
[LOG] SoundI::release                          :  (0x7fcea7cc1c38)
[LOG] SoundI::release                          :     TreeGrowthElasticTexture08 (0x7fcea7cc1da8)
[LOG] SoundI::release                          :  (0x7fcea7ccd678)
[LOG] SoundI::release                          :     TreeGrowthElasticTexture09 (0x7fcea7ccd7e8)
[LOG] SoundI::release                          :  (0x7fcea7cc0518)
[LOG] SoundI::release                          :     TreeGrowthElasticTexture10 (0x7fcea7cc0688)
[LOG] SoundI::release                          :  (0x7fcea7cc27d8)
[LOG] SoundI::release                          :     TreeGrowthElasticTexture11 (0x7fcea7cc2948)
[LOG] SoundI::release                          :  (0x7fcea7cbc7b8)
[LOG] SoundI::release                          :     TreeGrowthElasticTexture12 (0x7fcea7cbc928)
[LOG] SoundI::release                          :  (0x7fcea7cc3378)
[LOG] SoundI::release                          :     TreeGrowthElasticTexture13 (0x7fcea7cc34e8)
[LOG] SoundI::release                          :  (0x7fcea7ccf388)
[LOG] SoundI::release                          :     TreeGrowthElasticTexture14 (0x7fcea7ccf4f8)
[LOG] SoundI::release                          :  (0x7fcea7cbe4c8)
[LOG] SoundI::release                          :     TreeGrowthElasticTexture15 (0x7fcea7cbe638)
[LOG] SoundI::release                          :  (0x7fcea7ccf958)
[LOG] SoundI::release                          :     TreeGrowthElasticTexture16 (0x7fcea7ccfac8)
[LOG] SoundI::release                          :  (0x7fcea7cc0ae8)
[LOG] SoundI::release                          :     TreeGrowthElasticTexture17 (0x7fcea7cbef88)
[LOG] SoundI::release                          :  (0x7fcea7cbf3e8)
[LOG] SoundI::release                          :     TreeGrowthElasticTexture18 (0x7fcea7cbf558)
[LOG] SoundI::release                          :  (0x7fcea7cc1668)
[LOG] SoundI::release                          :     TreeGrowthElasticTexture19 (0x7fcea7cc17d8)
[LOG] SoundI::release                          :  (0x7fcea7cccad8)
[LOG] SoundI::release                          :     TreeGrowthElasticTexture20 (0x7fcea7cccc48)
[LOG] SoundI::release                          :  (0x7fcea7cca7f8)
[LOG] SoundI::release                          :     TreeGrowthElasticTexture21 (0x7fcea7cca968)
[LOG] SoundI::release                          :  (0x7fcea7ccadc8)
[LOG] SoundI::release                          :     TreeGrowthElasticTexture22 (0x7fcea7ccaf38)
[LOG] SoundI::release                          :  (0x7fcea7cc1098)
[LOG] SoundI::release                          :     TreeGrowthElasticTexture23 (0x7fcea7cc1208)
[LOG] SoundI::release                          :  (0x7fcea7cce218)
[LOG] SoundI::release                          :     TreeGrowthElasticTexture24 (0x7fcea7cce388)
[LOG] SoundI::release                          :  (0x7fcea7cc3948)
[LOG] SoundI::release                          :     TreeGrowthElasticTexture25 (0x7fcea7cc3ab8)
[LOG] SoundI::release                          :  (0x7fcea7cc7f48)
[LOG] SoundI::release                          :     TreeGrowthElasticTexture26 (0x7fcea7cc80b8)
[LOG] SoundI::release                          :  (0x7fcea7cbdef8)
[LOG] SoundI::release                          :     TreeGrowthElasticTexture27 (0x7fcea7cbe068)
[LOG] SoundI::release                          :  (0x7fcea7cce7e8)
[LOG] SoundI::release                          :     TreeGrowthElasticTexture28 (0x7fcea7cce958)
[LOG] SoundI::release                          :  (0x7fcea7cbfab8)
[LOG] SoundI::release                          :     TreeGrowthElasticTexture29 (0x7fcea7cbfc28)
[LOG] SoundI::release                          :  (0x7fcea7cc2da8)
[LOG] SoundI::release                          :     TreeGrowthElasticTexture30 (0x7fcea7cc2f18)
[LOG] SoundI::release                          :  (0x7fcea7cc90b8)
[LOG] SoundI::release                          :     TreeGrowthElasticTexture31 (0x7fcea7cc9228)
[LOG] SoundI::release                          :  (0x7fcea7ccdc48)
[LOG] SoundI::release                          :     TreeGrowthElasticTexture32 (0x7fcea7ccddb8)
[LOG] SoundI::release                          :  (0x7fcea7cc8518)
[LOG] SoundI::release                          :     TreeGrowthElasticTexture33 (0x7fcea7cc8688)
[LOG] SoundI::release                          :  (0x7fcea7ccbf38)
[LOG] SoundI::release                          :     TreeGrowthElasticTexture34 (0x7fcea7ccc0a8)
[LOG] SoundI::release                          :  (0x7fcea7ccb398)
[LOG] SoundI::release                          :     TreeGrowthElasticTexture35 (0x7fcea7ccb508)
[LOG] SoundI::release                          :  (0x7fcea7cb8c68)
[LOG] SoundI::release                          :     TreeGrowthElasticTexture36 (0x7fcea7cb8dd8)
[LOG] SoundI::release                          :  (0x7fcea7cc2208)
[LOG] SoundI::release                          :     TreeGrowthElasticTexture37 (0x7fcea7cc2378)
[LOG] SoundI::release                          :  (0x7fcea7cbd928)
[LOG] SoundI::release                          :     TreeGrowthElasticTexture38 (0x7fcea7cbda98)
[LOG] SoundI::release                          :  (0x7fcea7cc9688)
[LOG] SoundI::release                          :     TreeGrowthElasticTexture39 (0x7fcea7cc97f8)
[LOG] SoundI::release                          :  (0x7fcea7cc3f18)
[LOG] SoundI::release                          :     TreeGrowthElasticTexture40 (0x7fcea7cc4088)
[LOG] SoundI::release                          :  (0x7fcea7cc7ab8)
[LOG] SoundI::release                          :     TreeGrowthElasticTexture41 (0x7fcea7cc7c28)
[LOG] SoundI::release                          :  (0x7fcea7cbd358)
[LOG] SoundI::release                          :     TreeGrowthElasticTexture42 (0x7fcea7cbd4c8)
[LOG] SoundI::release                          :  (0x7fcea7cc9c58)
[LOG] SoundI::release                          :     TreeGrowthElasticTexture43 (0x7fcea7cc9dc8)
[LOG] SoundI::release                          :  (0x7fcea7cbea98)
[LOG] SoundI::release                          :     TreeGrowthElasticTexture44 (0x7fcea7cbec08)
[LOG] SoundI::release                          :  (0x7fcea7cbff48)
[LOG] SoundI::release                          :     TreeGrowthElasticTexture45 (0x7fcea7cc00b8)
[LOG] SoundI::release                          :  (0x7fcea7cc8ae8)
[LOG] SoundI::release                          :     TreeGrowthElasticTexture46 (0x7fcea7cc8c58)
[LOG] SoundI::release                          :  (0x7fcea7cd1138)
[LOG] SoundI::release                          :     sfxGrabSeed (0x7fcea7cd12a8)
[LOG] Thread::callback                         : FMOD Studio update thread finished.
[LOG] Thread::callback                         : FMOD Studio bank load thread finished.
[LOG] Profile::disconnectAll                   : Profiler disconnecting all clients
[LOG] Thread::callback                         : FMOD Studio sample load thread finished.
[LOG] LiveUpdate::release                      : 
[LOG] LiveUpdate::reset                        : Reset connection (reason Disconnected)
[LOG] Thread::callback                         : FMOD stream thread finished.
[LOG] Thread::callback                         : FMOD mixer thread finished.
[LOG] Profile::disconnectAll                   : Profiler disconnecting all clients
[LOG] SystemI::close                           : Closed.
